<?xml version="1.0" encoding="UTF-8"?>
<coverage generated="1542547511198" clover="3.2.0">
  <project timestamp="1542547511199" name="All files">
    <metrics statements="49" coveredstatements="35" conditionals="12" coveredconditionals="4" methods="22" coveredmethods="15" elements="83" coveredelements="54" complexity="0" loc="49" ncloc="49" packages="5" files="6" classes="6">
      <package name="src">
        <metrics statements="17" coveredstatements="8" conditionals="6" coveredconditionals="0" methods="7" coveredmethods="5"/>
        <file name="App.js" path="/Users/hgarzon/Documents/repositorios/endouble/react-assignment/client/src/App.js">
          <metrics statements="12" coveredstatements="8" conditionals="2" coveredconditionals="0" methods="6" coveredmethods="5"/>
          <line num="9" count="3" type="stmt"/>
          <line num="10" count="3" type="stmt"/>
          <line num="13" count="3" type="stmt"/>
          <line num="17" count="3" type="stmt"/>
          <line num="18" count="0" type="stmt"/>
          <line num="21" count="2" type="stmt"/>
          <line num="25" count="3" type="stmt"/>
          <line num="26" count="0" type="stmt"/>
          <line num="27" count="0" type="cond" truecount="0" falsecount="2"/>
          <line num="29" count="0" type="stmt"/>
          <line num="33" count="3" type="stmt"/>
          <line num="34" count="3" type="stmt"/>
        </file>
        <file name="index.js" path="/Users/hgarzon/Documents/repositorios/endouble/react-assignment/client/src/index.js">
          <metrics statements="5" coveredstatements="0" conditionals="4" coveredconditionals="0" methods="1" coveredmethods="0"/>
          <line num="1" count="0" type="stmt"/>
          <line num="2" count="0" type="stmt"/>
          <line num="3" count="0" type="stmt"/>
          <line num="4" count="0" type="cond" truecount="0" falsecount="4"/>
          <line num="6" count="0" type="stmt"/>
        </file>
      </package>
      <package name="src.pages.home">
        <metrics statements="2" coveredstatements="2" conditionals="0" coveredconditionals="0" methods="1" coveredmethods="1"/>
        <file name="index.js" path="/Users/hgarzon/Documents/repositorios/endouble/react-assignment/client/src/pages/home/index.js">
          <metrics statements="2" coveredstatements="2" conditionals="0" coveredconditionals="0" methods="1" coveredmethods="1"/>
          <line num="6" count="2" type="stmt"/>
          <line num="7" count="4" type="stmt"/>
        </file>
      </package>
      <package name="src.pages.table">
        <metrics statements="6" coveredstatements="6" conditionals="2" coveredconditionals="2" methods="2" coveredmethods="2"/>
        <file name="index.js" path="/Users/hgarzon/Documents/repositorios/endouble/react-assignment/client/src/pages/table/index.js">
          <metrics statements="6" coveredstatements="6" conditionals="2" coveredconditionals="2" methods="2" coveredmethods="2"/>
          <line num="11" count="3" type="cond" truecount="2" falsecount="0"/>
          <line num="12" count="2" type="stmt"/>
          <line num="16" count="1" type="stmt"/>
          <line num="20" count="3" type="stmt"/>
          <line num="28" count="2" type="stmt"/>
          <line num="32" count="2" type="stmt"/>
        </file>
      </package>
      <package name="src.pages.table.components.CharacterCard">
        <metrics statements="15" coveredstatements="11" conditionals="2" coveredconditionals="1" methods="6" coveredmethods="2"/>
        <file name="index.js" path="/Users/hgarzon/Documents/repositorios/endouble/react-assignment/client/src/pages/table/components/CharacterCard/index.js">
          <metrics statements="15" coveredstatements="11" conditionals="2" coveredconditionals="1" methods="6" coveredmethods="2"/>
          <line num="6" count="4" type="stmt"/>
          <line num="17" count="4" type="cond" truecount="1" falsecount="1"/>
          <line num="21" count="4" type="stmt"/>
          <line num="23" count="4" type="stmt"/>
          <line num="27" count="4" type="stmt"/>
          <line num="28" count="4" type="stmt"/>
          <line num="29" count="4" type="stmt"/>
          <line num="32" count="0" type="stmt"/>
          <line num="34" count="0" type="stmt"/>
          <line num="36" count="0" type="stmt"/>
          <line num="47" count="4" type="stmt"/>
          <line num="49" count="4" type="stmt"/>
          <line num="63" count="0" type="stmt"/>
          <line num="81" count="4" type="stmt"/>
          <line num="91" count="4" type="stmt"/>
        </file>
      </package>
      <package name="src.pages.table.components.SearchFilter">
        <metrics statements="9" coveredstatements="8" conditionals="2" coveredconditionals="1" methods="6" coveredmethods="5"/>
        <file name="index.js" path="/Users/hgarzon/Documents/repositorios/endouble/react-assignment/client/src/pages/table/components/SearchFilter/index.js">
          <metrics statements="9" coveredstatements="8" conditionals="2" coveredconditionals="1" methods="6" coveredmethods="5"/>
          <line num="9" count="2" type="cond" truecount="1" falsecount="1"/>
          <line num="14" count="2" type="stmt"/>
          <line num="16" count="2" type="stmt"/>
          <line num="19" count="2" type="stmt"/>
          <line num="23" count="0" type="stmt"/>
          <line num="27" count="2" type="stmt"/>
          <line num="40" count="2" type="stmt"/>
          <line num="50" count="3" type="stmt"/>
          <line num="54" count="3" type="stmt"/>
        </file>
      </package>
    </metrics>
  </project>
</coverage>
