{"/Users/hgarzon/Documents/repositorios/endouble/react-assignment/client/src/App.js": {"path":"/Users/hgarzon/Documents/repositorios/endouble/react-assignment/client/src/App.js","statementMap":{"0":{"start":{"line":9,"column":8},"end":{"line":9,"column":21}},"1":{"start":{"line":10,"column":8},"end":{"line":12,"column":10}},"2":{"start":{"line":13,"column":8},"end":{"line":13,"column":47}},"3":{"start":{"line":17,"column":8},"end":{"line":21,"column":31}},"4":{"start":{"line":18,"column":30},"end":{"line":20,"column":14}},"5":{"start":{"line":21,"column":26},"end":{"line":21,"column":29}},"6":{"start":{"line":25,"column":25},"end":{"line":25,"column":57}},"7":{"start":{"line":26,"column":21},"end":{"line":26,"column":42}},"8":{"start":{"line":27,"column":8},"end":{"line":27,"column":63}},"9":{"start":{"line":27,"column":37},"end":{"line":27,"column":63}},"10":{"start":{"line":29,"column":8},"end":{"line":29,"column":20}},"11":{"start":{"line":33,"column":21},"end":{"line":33,"column":40}},"12":{"start":{"line":34,"column":8},"end":{"line":39,"column":10}}},"fnMap":{"0":{"name":"(anonymous_0)","decl":{"start":{"line":8,"column":4},"end":{"line":8,"column":5}},"loc":{"start":{"line":8,"column":23},"end":{"line":14,"column":5}},"line":8},"1":{"name":"(anonymous_1)","decl":{"start":{"line":16,"column":4},"end":{"line":16,"column":5}},"loc":{"start":{"line":16,"column":24},"end":{"line":22,"column":5}},"line":16},"2":{"name":"(anonymous_2)","decl":{"start":{"line":18,"column":18},"end":{"line":18,"column":19}},"loc":{"start":{"line":18,"column":30},"end":{"line":20,"column":14}},"line":18},"3":{"name":"(anonymous_3)","decl":{"start":{"line":21,"column":19},"end":{"line":21,"column":20}},"loc":{"start":{"line":21,"column":26},"end":{"line":21,"column":29}},"line":21},"4":{"name":"(anonymous_4)","decl":{"start":{"line":24,"column":14},"end":{"line":24,"column":15}},"loc":{"start":{"line":24,"column":26},"end":{"line":30,"column":5}},"line":24},"5":{"name":"(anonymous_5)","decl":{"start":{"line":32,"column":4},"end":{"line":32,"column":5}},"loc":{"start":{"line":32,"column":13},"end":{"line":40,"column":5}},"line":32}},"branchMap":{"0":{"loc":{"start":{"line":27,"column":8},"end":{"line":27,"column":63}},"type":"if","locations":[{"start":{"line":27,"column":8},"end":{"line":27,"column":63}},{"start":{"line":27,"column":8},"end":{"line":27,"column":63}}],"line":27}},"s":{"0":3,"1":3,"2":3,"3":3,"4":0,"5":2,"6":3,"7":0,"8":0,"9":0,"10":0,"11":3,"12":3},"f":{"0":3,"1":3,"2":0,"3":2,"4":3,"5":3},"b":{"0":[0,0]},"_coverageSchema":"332fd63041d2c1bcb487cc26dd0d5f7d97098a6c","hash":"17eaa4c82ad0508c0851d1037c4d8eac1adc4652"}
,"/Users/hgarzon/Documents/repositorios/endouble/react-assignment/client/src/index.js": {"path":"/Users/hgarzon/Documents/repositorios/endouble/react-assignment/client/src/index.js","statementMap":{"0":{"start":{"line":1,"column":32},"end":{"line":1,"column":117}},"1":{"start":{"line":1,"column":131},"end":{"line":1,"column":147}},"2":{"start":{"line":1,"column":162},"end":{"line":1,"column":192}},"3":{"start":{"line":2,"column":16},"end":{"line":2,"column":36}},"4":{"start":{"line":2,"column":54},"end":{"line":2,"column":87}},"5":{"start":{"line":3,"column":0},"end":{"line":3,"column":23}},"6":{"start":{"line":4,"column":11},"end":{"line":4,"column":27}},"7":{"start":{"line":4,"column":40},"end":{"line":4,"column":68}},"8":{"start":{"line":4,"column":107},"end":{"line":4,"column":161}},"9":{"start":{"line":6,"column":0},"end":{"line":6,"column":181}}},"fnMap":{"0":{"name":"_interopRequireDefault","decl":{"start":{"line":4,"column":78},"end":{"line":4,"column":100}},"loc":{"start":{"line":4,"column":106},"end":{"line":4,"column":162}},"line":4}},"branchMap":{"0":{"loc":{"start":{"line":4,"column":114},"end":{"line":4,"column":160}},"type":"cond-expr","locations":[{"start":{"line":4,"column":138},"end":{"line":4,"column":141}},{"start":{"line":4,"column":144},"end":{"line":4,"column":160}}],"line":4},"1":{"loc":{"start":{"line":4,"column":114},"end":{"line":4,"column":135}},"type":"binary-expr","locations":[{"start":{"line":4,"column":114},"end":{"line":4,"column":117}},{"start":{"line":4,"column":121},"end":{"line":4,"column":135}}],"line":4}},"s":{"0":0,"1":0,"2":0,"3":0,"4":0,"5":0,"6":0,"7":0,"8":0,"9":0},"f":{"0":0},"b":{"0":[0,0],"1":[0,0]}}
,"/Users/hgarzon/Documents/repositorios/endouble/react-assignment/client/src/pages/home/index.js": {"path":"/Users/hgarzon/Documents/repositorios/endouble/react-assignment/client/src/pages/home/index.js","statementMap":{"0":{"start":{"line":6,"column":17},"end":{"line":16,"column":1}},"1":{"start":{"line":7,"column":4},"end":{"line":15,"column":10}}},"fnMap":{"0":{"name":"(anonymous_0)","decl":{"start":{"line":6,"column":17},"end":{"line":6,"column":18}},"loc":{"start":{"line":7,"column":4},"end":{"line":15,"column":10}},"line":7}},"branchMap":{},"s":{"0":2,"1":4},"f":{"0":4},"b":{},"_coverageSchema":"332fd63041d2c1bcb487cc26dd0d5f7d97098a6c","hash":"abccfb00dac88bf5ee1eeca3f8e60ba6ce311d77"}
,"/Users/hgarzon/Documents/repositorios/endouble/react-assignment/client/src/pages/table/index.js": {"path":"/Users/hgarzon/Documents/repositorios/endouble/react-assignment/client/src/pages/table/index.js","statementMap":{"0":{"start":{"line":11,"column":8},"end":{"line":15,"column":9}},"1":{"start":{"line":12,"column":12},"end":{"line":14,"column":14}},"2":{"start":{"line":16,"column":8},"end":{"line":16,"column":83}},"3":{"start":{"line":20,"column":8},"end":{"line":24,"column":10}},"4":{"start":{"line":28,"column":0},"end":{"line":30,"column":2}},"5":{"start":{"line":32,"column":0},"end":{"line":34,"column":2}}},"fnMap":{"0":{"name":"(anonymous_0)","decl":{"start":{"line":10,"column":4},"end":{"line":10,"column":5}},"loc":{"start":{"line":10,"column":16},"end":{"line":17,"column":5}},"line":10},"1":{"name":"(anonymous_1)","decl":{"start":{"line":19,"column":4},"end":{"line":19,"column":5}},"loc":{"start":{"line":19,"column":13},"end":{"line":25,"column":5}},"line":19}},"branchMap":{"0":{"loc":{"start":{"line":11,"column":8},"end":{"line":15,"column":9}},"type":"if","locations":[{"start":{"line":11,"column":8},"end":{"line":15,"column":9}},{"start":{"line":11,"column":8},"end":{"line":15,"column":9}}],"line":11}},"s":{"0":3,"1":2,"2":1,"3":3,"4":2,"5":2},"f":{"0":3,"1":3},"b":{"0":[2,1]},"_coverageSchema":"332fd63041d2c1bcb487cc26dd0d5f7d97098a6c","hash":"9cfbc6a2f1eb66f7beae1a0fb2e3b36f749458b4"}
,"/Users/hgarzon/Documents/repositorios/endouble/react-assignment/client/src/pages/table/components/CharacterCard/index.js": {"path":"/Users/hgarzon/Documents/repositorios/endouble/react-assignment/client/src/pages/table/components/CharacterCard/index.js","statementMap":{"0":{"start":{"line":6,"column":21},"end":{"line":15,"column":1}},"1":{"start":{"line":17,"column":0},"end":{"line":17,"column":66}},"2":{"start":{"line":17,"column":37},"end":{"line":17,"column":66}},"3":{"start":{"line":21,"column":8},"end":{"line":21,"column":21}},"4":{"start":{"line":23,"column":8},"end":{"line":25,"column":10}},"5":{"start":{"line":27,"column":8},"end":{"line":27,"column":51}},"6":{"start":{"line":28,"column":8},"end":{"line":28,"column":61}},"7":{"start":{"line":29,"column":8},"end":{"line":29,"column":53}},"8":{"start":{"line":32,"column":18},"end":{"line":32,"column":55}},"9":{"start":{"line":34,"column":23},"end":{"line":34,"column":61}},"10":{"start":{"line":36,"column":19},"end":{"line":36,"column":57}},"11":{"start":{"line":47,"column":12},"end":{"line":47,"column":27}},"12":{"start":{"line":49,"column":8},"end":{"line":77,"column":10}},"13":{"start":{"line":63,"column":78},"end":{"line":63,"column":103}},"14":{"start":{"line":81,"column":0},"end":{"line":89,"column":2}},"15":{"start":{"line":91,"column":0},"end":{"line":99,"column":2}}},"fnMap":{"0":{"name":"(anonymous_0)","decl":{"start":{"line":20,"column":4},"end":{"line":20,"column":5}},"loc":{"start":{"line":20,"column":23},"end":{"line":30,"column":5}},"line":20},"1":{"name":"(anonymous_1)","decl":{"start":{"line":32,"column":4},"end":{"line":32,"column":5}},"loc":{"start":{"line":32,"column":16},"end":{"line":32,"column":57}},"line":32},"2":{"name":"(anonymous_2)","decl":{"start":{"line":34,"column":4},"end":{"line":34,"column":5}},"loc":{"start":{"line":34,"column":21},"end":{"line":34,"column":63}},"line":34},"3":{"name":"(anonymous_3)","decl":{"start":{"line":36,"column":4},"end":{"line":36,"column":5}},"loc":{"start":{"line":36,"column":17},"end":{"line":36,"column":59}},"line":36},"4":{"name":"(anonymous_4)","decl":{"start":{"line":38,"column":4},"end":{"line":38,"column":5}},"loc":{"start":{"line":38,"column":13},"end":{"line":78,"column":5}},"line":38},"5":{"name":"(anonymous_5)","decl":{"start":{"line":63,"column":62},"end":{"line":63,"column":63}},"loc":{"start":{"line":63,"column":76},"end":{"line":63,"column":105}},"line":63}},"branchMap":{"0":{"loc":{"start":{"line":17,"column":0},"end":{"line":17,"column":66}},"type":"if","locations":[{"start":{"line":17,"column":0},"end":{"line":17,"column":66}},{"start":{"line":17,"column":0},"end":{"line":17,"column":66}}],"line":17}},"s":{"0":4,"1":4,"2":0,"3":4,"4":4,"5":4,"6":4,"7":4,"8":0,"9":0,"10":0,"11":4,"12":4,"13":0,"14":4,"15":4},"f":{"0":4,"1":0,"2":0,"3":0,"4":4,"5":0},"b":{"0":[0,4]},"_coverageSchema":"332fd63041d2c1bcb487cc26dd0d5f7d97098a6c","hash":"5cfb5cd50b98c9553d6b12587ecc13b9780723bf"}
,"/Users/hgarzon/Documents/repositorios/endouble/react-assignment/client/src/pages/table/components/SearchFilter/index.js": {"path":"/Users/hgarzon/Documents/repositorios/endouble/react-assignment/client/src/pages/table/components/SearchFilter/index.js","statementMap":{"0":{"start":{"line":9,"column":4},"end":{"line":9,"column":75}},"1":{"start":{"line":9,"column":16},"end":{"line":9,"column":74}},"2":{"start":{"line":14,"column":8},"end":{"line":14,"column":21}},"3":{"start":{"line":16,"column":8},"end":{"line":18,"column":10}},"4":{"start":{"line":19,"column":8},"end":{"line":19,"column":59}},"5":{"start":{"line":23,"column":8},"end":{"line":23,"column":52}},"6":{"start":{"line":27,"column":8},"end":{"line":46,"column":10}},"7":{"start":{"line":40,"column":24},"end":{"line":42,"column":30}},"8":{"start":{"line":50,"column":0},"end":{"line":52,"column":2}},"9":{"start":{"line":54,"column":0},"end":{"line":56,"column":2}}},"fnMap":{"0":{"name":"searchingFor","decl":{"start":{"line":7,"column":9},"end":{"line":7,"column":21}},"loc":{"start":{"line":7,"column":28},"end":{"line":10,"column":1}},"line":7},"1":{"name":"(anonymous_1)","decl":{"start":{"line":9,"column":11},"end":{"line":9,"column":12}},"loc":{"start":{"line":9,"column":16},"end":{"line":9,"column":74}},"line":9},"2":{"name":"(anonymous_2)","decl":{"start":{"line":13,"column":4},"end":{"line":13,"column":5}},"loc":{"start":{"line":13,"column":23},"end":{"line":20,"column":5}},"line":13},"3":{"name":"(anonymous_3)","decl":{"start":{"line":22,"column":4},"end":{"line":22,"column":5}},"loc":{"start":{"line":22,"column":25},"end":{"line":24,"column":5}},"line":22},"4":{"name":"(anonymous_4)","decl":{"start":{"line":26,"column":4},"end":{"line":26,"column":5}},"loc":{"start":{"line":26,"column":13},"end":{"line":47,"column":5}},"line":26},"5":{"name":"(anonymous_5)","decl":{"start":{"line":39,"column":78},"end":{"line":39,"column":79}},"loc":{"start":{"line":40,"column":24},"end":{"line":42,"column":30}},"line":40}},"branchMap":{"0":{"loc":{"start":{"line":9,"column":16},"end":{"line":9,"column":74}},"type":"binary-expr","locations":[{"start":{"line":9,"column":16},"end":{"line":9,"column":65}},{"start":{"line":9,"column":69},"end":{"line":9,"column":74}}],"line":9}},"s":{"0":2,"1":2,"2":2,"3":2,"4":2,"5":0,"6":2,"7":2,"8":3,"9":3},"f":{"0":2,"1":2,"2":2,"3":0,"4":2,"5":2},"b":{"0":[2,0]},"_coverageSchema":"332fd63041d2c1bcb487cc26dd0d5f7d97098a6c","hash":"8a7586c2913093d375d7a57916f90564298313db"}
}
