TN:
SF:/Users/hgarzon/Documents/repositorios/endouble/react-assignment/client/src/App.js
FN:8,(anonymous_0)
FN:16,(anonymous_1)
FN:18,(anonymous_2)
FN:21,(anonymous_3)
FN:24,(anonymous_4)
FN:32,(anonymous_5)
FNF:6
FNH:5
FNDA:3,(anonymous_0)
FNDA:3,(anonymous_1)
FNDA:0,(anonymous_2)
FNDA:2,(anonymous_3)
FNDA:3,(anonymous_4)
FNDA:3,(anonymous_5)
DA:9,3
DA:10,3
DA:13,3
DA:17,3
DA:18,0
DA:21,2
DA:25,3
DA:26,0
DA:27,0
DA:29,0
DA:33,3
DA:34,3
LF:12
LH:8
BRDA:27,0,0,0
BRDA:27,0,1,0
BRF:2
BRH:0
end_of_record
TN:
SF:/Users/hgarzon/Documents/repositorios/endouble/react-assignment/client/src/index.js
FN:4,_interopRequireDefault
FNF:1
FNH:0
FNDA:0,_interopRequireDefault
DA:1,0
DA:2,0
DA:3,0
DA:4,0
DA:6,0
LF:5
LH:0
BRDA:4,0,0,0
BRDA:4,0,1,0
BRDA:4,1,0,0
BRDA:4,1,1,0
BRF:4
BRH:0
end_of_record
TN:
SF:/Users/hgarzon/Documents/repositorios/endouble/react-assignment/client/src/pages/home/index.js
FN:6,(anonymous_0)
FNF:1
FNH:1
FNDA:4,(anonymous_0)
DA:6,2
DA:7,4
LF:2
LH:2
BRF:0
BRH:0
end_of_record
TN:
SF:/Users/hgarzon/Documents/repositorios/endouble/react-assignment/client/src/pages/table/index.js
FN:10,(anonymous_0)
FN:19,(anonymous_1)
FNF:2
FNH:2
FNDA:3,(anonymous_0)
FNDA:3,(anonymous_1)
DA:11,3
DA:12,2
DA:16,1
DA:20,3
DA:28,2
DA:32,2
LF:6
LH:6
BRDA:11,0,0,2
BRDA:11,0,1,1
BRF:2
BRH:2
end_of_record
TN:
SF:/Users/hgarzon/Documents/repositorios/endouble/react-assignment/client/src/pages/table/components/CharacterCard/index.js
FN:20,(anonymous_0)
FN:32,(anonymous_1)
FN:34,(anonymous_2)
FN:36,(anonymous_3)
FN:38,(anonymous_4)
FN:63,(anonymous_5)
FNF:6
FNH:2
FNDA:4,(anonymous_0)
FNDA:0,(anonymous_1)
FNDA:0,(anonymous_2)
FNDA:0,(anonymous_3)
FNDA:4,(anonymous_4)
FNDA:0,(anonymous_5)
DA:6,4
DA:17,4
DA:21,4
DA:23,4
DA:27,4
DA:28,4
DA:29,4
DA:32,0
DA:34,0
DA:36,0
DA:47,4
DA:49,4
DA:63,0
DA:81,4
DA:91,4
LF:15
LH:11
BRDA:17,0,0,0
BRDA:17,0,1,4
BRF:2
BRH:1
end_of_record
TN:
SF:/Users/hgarzon/Documents/repositorios/endouble/react-assignment/client/src/pages/table/components/SearchFilter/index.js
FN:7,searchingFor
FN:9,(anonymous_1)
FN:13,(anonymous_2)
FN:22,(anonymous_3)
FN:26,(anonymous_4)
FN:39,(anonymous_5)
FNF:6
FNH:5
FNDA:2,searchingFor
FNDA:2,(anonymous_1)
FNDA:2,(anonymous_2)
FNDA:0,(anonymous_3)
FNDA:2,(anonymous_4)
FNDA:2,(anonymous_5)
DA:9,2
DA:14,2
DA:16,2
DA:19,2
DA:23,0
DA:27,2
DA:40,2
DA:50,3
DA:54,3
LF:9
LH:8
BRDA:9,0,0,2
BRDA:9,0,1,0
BRF:2
BRH:1
end_of_record
